<?xml version="1.0" encoding="UTF-8"?>
<!-- Generated by org.testng.reporters.JUnitXMLReporter -->
<testsuite ignored="0" hostname="DESKTOP-VHFI0LE" failures="0" tests="4" name="Default test" time="8.825" errors="0" timestamp="2025-03-14T23:41:28 IST">
  <testcase classname="api.test.UserTests" name="testPostUser" time="3.165"/>
  <testcase classname="api.test.UserTests" name="testGetUserByName" time="1.189"/>
  <testcase classname="api.test.UserTests" name="updateUserByName" time="2.367"/>
  <testcase classname="api.test.UserTests" name="deleteUserByName" time="1.222"/>
</testsuite> <!-- Default test -->
