<?xml version="1.0" encoding="UTF-8"?>
<testng-results ignored="0" total="4" passed="4" failed="0" skipped="0">
  <reporter-output>
  </reporter-output>
  <suite started-at="2025-03-06T23:45:51 IST" name="PetSuite" finished-at="2025-03-06T23:46:01 IST" duration-ms="10202">
    <groups>
    </groups>
    <test started-at="2025-03-06T23:45:51 IST" name="PetTests" finished-at="2025-03-06T23:46:01 IST" duration-ms="10202">
      <class name="api.test.UserTests">
        <test-method is-config="true" signature="setup()[pri:0, instance:api.test.UserTests@4c583ecf]" started-at="2025-03-06T23:45:51 IST" name="setup" finished-at="2025-03-06T23:45:52 IST" duration-ms="782" status="PASS">
          <reporter-output>
          </reporter-output>
        </test-method> <!-- setup -->
        <test-method signature="testPostUser()[pri:1, instance:api.test.UserTests@4c583ecf]" started-at="2025-03-06T23:45:52 IST" name="testPostUser" finished-at="2025-03-06T23:45:56 IST" duration-ms="4062" status="PASS">
          <reporter-output>
          </reporter-output>
        </test-method> <!-- testPostUser -->
        <test-method signature="testGetUserByName()[pri:2, instance:api.test.UserTests@4c583ecf]" started-at="2025-03-06T23:45:56 IST" name="testGetUserByName" finished-at="2025-03-06T23:45:57 IST" duration-ms="1312" status="PASS">
          <reporter-output>
          </reporter-output>
        </test-method> <!-- testGetUserByName -->
        <test-method signature="updateUserByName()[pri:3, instance:api.test.UserTests@4c583ecf]" started-at="2025-03-06T23:45:57 IST" name="updateUserByName" finished-at="2025-03-06T23:46:00 IST" duration-ms="2528" status="PASS">
          <reporter-output>
          </reporter-output>
        </test-method> <!-- updateUserByName -->
        <test-method signature="deleteUserByName()[pri:4, instance:api.test.UserTests@4c583ecf]" started-at="2025-03-06T23:46:00 IST" name="deleteUserByName" finished-at="2025-03-06T23:46:01 IST" duration-ms="1185" status="PASS">
          <reporter-output>
          </reporter-output>
        </test-method> <!-- deleteUserByName -->
      </class> <!-- api.test.UserTests -->
    </test> <!-- PetTests -->
  </suite> <!-- PetSuite -->
</testng-results>
