<?xml version="1.0" encoding="UTF-8"?>
<!-- Generated by org.testng.reporters.JUnitXMLReporter -->
<testsuite ignored="0" hostname="Lenovo-Ideapad" failures="0" tests="4" name="PetTests" time="10.202" errors="0" timestamp="2025-03-06T23:46:01 IST">
  <testcase classname="api.test.UserTests" name="testPostUser" time="4.062"/>
  <testcase classname="api.test.UserTests" name="testGetUserByName" time="1.312"/>
  <testcase classname="api.test.UserTests" name="updateUserByName" time="2.528"/>
  <testcase classname="api.test.UserTests" name="deleteUserByName" time="1.185"/>
</testsuite> <!-- PetTests -->
